2022-03-19 20:34:48,319 INFO  [BasePage] sdfdf 
2022-03-19 20:41:23,869 INFO  [BasePage] hepsi burada web sitesi açılır 
2022-03-19 20:41:23,884 INFO  [BasePage] sayfa kontrolü yapılır 
2022-03-19 20:41:24,046 INFO  [BasePage] Bilgisayararaması yapılır 
2022-03-19 20:41:24,140 INFO  [BasePage] ara butonu tıklanır 
2022-03-19 20:41:33,332 INFO  [BasePage] sıralama ölçütü olarak Çok değerlendirilenler seçilir 
2022-03-19 20:41:33,336 INFO  [BasePage] sayfa kontrolü yapılır 
2022-03-19 20:41:35,344 INFO  [BasePage] ikinci ürün seçilir. 
2022-03-19 20:41:38,890 INFO  [BasePage] yeni sekmede ürün sepete eklenir. 
2022-03-19 20:41:38,927 INFO  [BasePage] Page title of new tab:Huawei Matebook D 16 AMD Ryzen 5 4600H 8GB 512GB SSD Windows Fiyatı 
2022-03-19 20:41:41,085 INFO  [BasePage] ana sekmeye geçilir ve ekran yenilenir. 
2022-03-19 20:44:10,353 INFO  [BasePage] hepsi burada web sitesi açılır 
2022-03-19 20:44:10,373 INFO  [BasePage] sayfa kontrolü yapılır 
2022-03-19 20:44:10,568 INFO  [BasePage] Bilgisayararaması yapılır 
2022-03-19 20:44:10,665 INFO  [BasePage] ara butonu tıklanır 
2022-03-19 20:44:14,333 INFO  [BasePage] sıralama ölçütü olarak Çok değerlendirilenler seçilir 
2022-03-19 20:44:14,411 INFO  [BasePage] sayfa kontrolü yapılır 
2022-03-19 20:44:16,464 INFO  [BasePage] ikinci ürün seçilir. 
2022-03-19 20:44:20,251 INFO  [BasePage] yeni sekmede ürün sepete eklenir. 
2022-03-19 20:44:20,266 INFO  [BasePage] Page title of new tab:Huawei Matebook D 16 AMD Ryzen 5 4600H 8GB 512GB SSD Windows Fiyatı 
2022-03-19 20:45:30,494 INFO  [BasePage] hepsi burada web sitesi açılır 
2022-03-19 20:45:30,510 INFO  [BasePage] sayfa kontrolü yapılır 
2022-03-19 20:45:30,673 INFO  [BasePage] Bilgisayararaması yapılır 
2022-03-19 20:45:30,776 INFO  [BasePage] ara butonu tıklanır 
2022-03-19 20:45:38,250 INFO  [BasePage] sıralama ölçütü olarak Çok değerlendirilenler seçilir 
2022-03-19 20:45:38,274 INFO  [BasePage] sayfa kontrolü yapılır 
2022-03-19 20:45:40,108 INFO  [BasePage] ikinci ürün seçilir. 
2022-03-19 20:45:43,662 INFO  [BasePage] yeni sekmede ürün sepete eklenir. 
2022-03-19 20:45:43,669 INFO  [BasePage] Page title of new tab:Huawei Matebook D 16 AMD Ryzen 5 4600H 8GB 512GB SSD Windows Fiyatı 
2022-03-19 20:45:45,820 INFO  [BasePage] ana sekmeye geçilir ve ekran yenilenir. 
2022-03-19 20:47:14,694 INFO  [BasePage] hepsi burada web sitesi açılır 
2022-03-19 20:47:14,715 INFO  [BasePage] sayfa kontrolü yapılır 
2022-03-19 20:47:14,923 INFO  [BasePage] Bilgisayararaması yapılır 
2022-03-19 20:47:15,008 INFO  [BasePage] ara butonu tıklanır 
2022-03-19 20:47:21,044 INFO  [BasePage] sıralama ölçütü olarak Çok değerlendirilenler seçilir 
2022-03-19 20:47:21,055 INFO  [BasePage] sayfa kontrolü yapılır 
2022-03-19 20:47:23,074 INFO  [BasePage] ikinci ürün seçilir. 
2022-03-19 20:47:26,641 INFO  [BasePage] yeni sekmede ürün sepete eklenir. 
2022-03-19 20:47:26,679 INFO  [BasePage] Page title of new tab:Huawei Matebook D 16 AMD Ryzen 5 4600H 8GB 512GB SSD Windows Fiyatı 
2022-03-19 20:47:29,529 INFO  [BasePage] ana sekmeye geçilir ve ekran yenilenir. 
2022-03-19 20:48:16,157 INFO  [BasePage] hepsi burada web sitesi açılır 
2022-03-19 20:48:16,207 INFO  [BasePage] sayfa kontrolü yapılır 
2022-03-19 20:48:16,434 INFO  [BasePage] Bilgisayararaması yapılır 
2022-03-19 20:48:16,631 INFO  [BasePage] ara butonu tıklanır 
2022-03-19 20:48:22,398 INFO  [BasePage] sıralama ölçütü olarak Çok değerlendirilenler seçilir 
2022-03-19 20:48:22,403 INFO  [BasePage] sayfa kontrolü yapılır 
2022-03-19 20:48:24,381 INFO  [BasePage] ikinci ürün seçilir. 
2022-03-19 20:48:28,054 INFO  [BasePage] yeni sekmede ürün sepete eklenir. 
2022-03-19 20:48:28,061 INFO  [BasePage] Page title of new tab:Lenovo IdeaPad IP3-15IML Intel Core i3 10110U 8GB 256GB SSD Fiyatı 
2022-03-19 20:48:30,206 INFO  [BasePage] ana sekmeye geçilir ve ekran yenilenir. 
2022-03-19 20:48:33,476 INFO  [BasePage] sepete gidilir. 
2022-03-19 20:48:34,646 INFO  [BasePage] sepetten ürün silinir. 
2022-03-19 20:48:35,539 INFO  [BasePage] silme  işlemi sonrası uyarı mesajı: Sepetin şu an boş
Sepetini Hepsiburada’nın fırsatlarla dolu dünyasından doldurmak için
aşağıdaki ürünleri incelemeye başlayabilirsin. kontrolü yapılır. 
2022-03-19 20:53:42,381 INFO  [BasePage] hepsi burada web sitesi açılır 
2022-03-19 20:53:42,397 INFO  [BasePage] sayfa kontrolü yapılır 
2022-03-19 20:53:42,654 INFO  [BasePage] Bilgisayararaması yapılır 
2022-03-19 20:53:43,139 INFO  [BasePage] ara butonu tıklanır 
2022-03-19 20:53:46,814 INFO  [BasePage] sıralama ölçütü olarak Çok değerlendirilenler seçilir 
2022-03-19 20:53:46,845 INFO  [BasePage] sayfa kontrolü yapılır 
2022-03-19 20:53:49,019 INFO  [BasePage] ikinci ürün seçilir. 
2022-03-19 20:53:54,489 INFO  [BasePage] yeni sekmede ürün sepete eklenir. 
2022-03-19 20:53:54,493 INFO  [BasePage] Page title of new tab:Lenovo IdeaPad IP3-15IML Intel Core i3 10110U 8GB 256GB SSD Fiyatı 
2022-03-19 20:55:07,112 INFO  [BasePage] hepsi burada web sitesi açılır 
2022-03-19 20:55:07,133 INFO  [BasePage] sayfa kontrolü yapılır 
2022-03-19 20:55:07,344 INFO  [BasePage] Bilgisayararaması yapılır 
2022-03-19 20:55:07,536 INFO  [BasePage] ara butonu tıklanır 
2022-03-19 20:55:13,014 INFO  [BasePage] sıralama ölçütü olarak Çok değerlendirilenler seçilir 
2022-03-19 20:55:13,026 INFO  [BasePage] sayfa kontrolü yapılır 
2022-03-19 20:55:15,084 INFO  [BasePage] ikinci ürün seçilir. 
2022-03-19 20:55:18,366 INFO  [BasePage] yeni sekmede ürün sepete eklenir. 
2022-03-19 20:55:18,370 INFO  [BasePage] Page title of new tab:Lenovo IdeaPad IP3-15IML Intel Core i3 10110U 8GB 256GB SSD Fiyatı 
2022-03-19 20:57:48,155 INFO  [BasePage] hepsi burada web sitesi açılır 
2022-03-19 20:57:48,172 INFO  [BasePage] sayfa kontrolü yapılır 
2022-03-19 20:57:48,391 INFO  [BasePage] Bilgisayararaması yapılır 
2022-03-19 20:57:48,478 INFO  [BasePage] ara butonu tıklanır 
2022-03-19 20:57:51,944 INFO  [BasePage] sıralama ölçütü olarak Çok değerlendirilenler seçilir 
2022-03-19 20:57:51,952 INFO  [BasePage] sayfa kontrolü yapılır 
2022-03-19 20:57:53,728 INFO  [BasePage] ikinci ürün seçilir. 
2022-03-19 20:57:56,937 INFO  [BasePage] yeni sekmede ürün sepete eklenir. 
2022-03-19 20:57:56,963 INFO  [BasePage] Page title of new tab:Lenovo IdeaPad IP3-15IML Intel Core i3 10110U 8GB 256GB SSD Fiyatı 
2022-03-19 21:00:58,411 INFO  [BasePage] hepsi burada web sitesi açılır 
2022-03-19 21:00:58,430 INFO  [BasePage] sayfa kontrolü yapılır 
2022-03-19 21:00:58,642 INFO  [BasePage] Bilgisayararaması yapılır 
2022-03-19 21:01:02,964 INFO  [BasePage] ara butonu tıklanır 
2022-03-19 21:01:03,714 INFO  [BasePage] sıralama ölçütü olarak Çok değerlendirilenler seçilir 
2022-03-19 21:01:03,721 INFO  [BasePage] sayfa kontrolü yapılır 
2022-03-19 21:01:05,286 INFO  [BasePage] ikinci ürün seçilir. 
2022-03-19 21:01:08,704 INFO  [BasePage] yeni sekmede ürün sepete eklenir. 
2022-03-19 21:01:08,712 INFO  [BasePage] Page title of new tab:Lenovo IdeaPad IP3-15IML Intel Core i3 10110U 8GB 256GB SSD Fiyatı 
2022-03-19 21:06:00,425 INFO  [BasePage] hepsi burada web sitesi açılır 
2022-03-19 21:06:00,448 INFO  [BasePage] sayfa kontrolü yapılır 
2022-03-19 21:06:00,668 INFO  [BasePage] Bilgisayararaması yapılır 
2022-03-19 21:06:00,810 INFO  [BasePage] ara butonu tıklanır 
2022-03-19 21:06:04,397 INFO  [BasePage] sıralama ölçütü olarak Çok değerlendirilenler seçilir 
2022-03-19 21:06:04,402 INFO  [BasePage] sayfa kontrolü yapılır 
2022-03-19 21:06:06,251 INFO  [BasePage] ikinci ürün seçilir. 
2022-03-19 21:06:09,883 INFO  [BasePage] yeni sekmede ürün sepete eklenir. 
2022-03-19 21:06:09,928 INFO  [BasePage] Page title of new tab:Lenovo IdeaPad IP3-15IML Intel Core i3 10110U 8GB 256GB SSD Fiyatı 
2022-03-19 21:08:09,892 INFO  [BasePage] hepsi burada web sitesi açılır 
2022-03-19 21:08:09,912 INFO  [BasePage] sayfa kontrolü yapılır 
2022-03-19 21:08:10,146 INFO  [BasePage] Bilgisayararaması yapılır 
2022-03-19 21:08:19,019 INFO  [BasePage] ara butonu tıklanır 
2022-03-19 21:08:19,771 INFO  [BasePage] sıralama ölçütü olarak Çok değerlendirilenler seçilir 
2022-03-19 21:08:19,781 INFO  [BasePage] sayfa kontrolü yapılır 
2022-03-19 21:08:21,912 INFO  [BasePage] ikinci ürün seçilir. 
2022-03-19 21:08:25,425 INFO  [BasePage] yeni sekmede ürün sepete eklenir. 
2022-03-19 21:08:25,476 INFO  [BasePage] Page title of new tab:Lenovo IdeaPad IP3-15IML Intel Core i3 10110U 8GB 256GB SSD Fiyatı 
2022-03-19 21:08:25,518 INFO  [BasePage] ChromeDriver: chrome on MAC (aaadd7a75dd271de7e75b01465ca896d) 
2022-03-19 21:08:30,786 INFO  [BasePage] ana sekmeye geçilir ve ekran yenilenir. 
2022-03-19 21:09:53,204 INFO  [BasePage] hepsi burada web sitesi açılır 
2022-03-19 21:09:53,218 INFO  [BasePage] sayfa kontrolü yapılır 
2022-03-19 21:09:53,493 INFO  [BasePage] Bilgisayararaması yapılır 
2022-03-19 21:10:00,551 INFO  [BasePage] ara butonu tıklanır 
2022-03-19 21:10:01,444 INFO  [BasePage] sıralama ölçütü olarak Çok değerlendirilenler seçilir 
2022-03-19 21:10:01,449 INFO  [BasePage] sayfa kontrolü yapılır 
2022-03-19 21:10:03,697 INFO  [BasePage] ikinci ürün seçilir. 
2022-03-19 21:10:07,510 INFO  [BasePage] yeni sekmede ürün sepete eklenir. 
2022-03-19 21:10:07,534 INFO  [BasePage] Page title of new tab:Lenovo IdeaPad IP3-15IML Intel Core i3 10110U 8GB 256GB SSD Fiyatı 
2022-03-19 21:10:07,567 INFO  [BasePage] ChromeDriver: chrome on MAC (488b74419e28e41ae0d698cb01772bbd) 
2022-03-19 21:10:12,827 INFO  [BasePage] ana sekmeye geçilir ve ekran yenilenir. 
2022-03-19 21:12:32,597 INFO  [BasePage] hepsi burada web sitesi açılır 
2022-03-19 21:12:32,612 INFO  [BasePage] sayfa kontrolü yapılır 
2022-03-19 21:12:32,866 INFO  [BasePage] Bilgisayararaması yapılır 
2022-03-19 21:12:41,788 INFO  [BasePage] ara butonu tıklanır 
2022-03-19 21:12:42,504 INFO  [BasePage] sıralama ölçütü olarak Çok değerlendirilenler seçilir 
2022-03-19 21:12:42,511 INFO  [BasePage] sayfa kontrolü yapılır 
2022-03-19 21:12:44,402 INFO  [BasePage] ikinci ürün seçilir. 
2022-03-19 21:12:48,243 INFO  [BasePage] yeni sekmede ürün sepete eklenir. 
2022-03-19 21:12:48,302 INFO  [BasePage] Page title of new tab:Lenovo IdeaPad IP3-15IML Intel Core i3 10110U 8GB 256GB SSD Fiyatı 
2022-03-19 21:12:48,326 INFO  [BasePage] ChromeDriver: chrome on MAC (8858726459db11e846c4d8cd642cd92e) 
2022-03-19 21:12:53,618 INFO  [BasePage] ana sekmeye geçilir ve ekran yenilenir. 
2022-03-19 21:12:56,968 INFO  [BasePage] sepete gidilir. 
2022-03-19 21:12:58,072 INFO  [BasePage] sepetten ürün silinir. 
2022-03-19 21:12:58,719 INFO  [BasePage] silme  işlemi sonrası uyarı mesajı: Sepetin şu an boş
Sepetini Hepsiburada’nın fırsatlarla dolu dünyasından doldurmak için
aşağıdaki ürünleri incelemeye başlayabilirsin. kontrolü yapılır. 
2022-03-19 21:13:45,145 INFO  [BasePage] hepsi burada web sitesi açılır 
2022-03-19 21:13:45,168 INFO  [BasePage] sayfa kontrolü yapılır 
2022-03-19 21:13:45,451 INFO  [BasePage] Bilgisayararaması yapılır 
2022-03-19 21:13:46,119 INFO  [BasePage] ara butonu tıklanır 
2022-03-19 21:13:53,473 INFO  [BasePage] sıralama ölçütü olarak Çok değerlendirilenler seçilir 
2022-03-19 21:13:53,479 INFO  [BasePage] sayfa kontrolü yapılır 
2022-03-19 21:13:55,220 INFO  [BasePage] ikinci ürün seçilir. 
2022-03-19 21:13:59,295 INFO  [BasePage] yeni sekmede ürün sepete eklenir. 
2022-03-19 21:13:59,524 INFO  [BasePage] Page title of new tab:Huawei Matebook D 16 AMD Ryzen 5 4600H 8GB 512GB SSD Windows Fiyatı 
2022-03-19 21:13:59,721 INFO  [BasePage] ChromeDriver: chrome on MAC (117fd39b6214a30f81a122d60fa4337b) 
2022-03-19 21:14:04,881 INFO  [BasePage] ana sekmeye geçilir ve ekran yenilenir. 
2022-03-19 21:14:08,085 INFO  [BasePage] sepete gidilir. 
2022-03-19 21:14:09,400 INFO  [BasePage] sepetten ürün silinir. 
2022-03-19 21:14:09,926 INFO  [BasePage] silme  işlemi sonrası uyarı mesajı: Sepetin şu an boş
Sepetini Hepsiburada’nın fırsatlarla dolu dünyasından doldurmak için
aşağıdaki ürünleri incelemeye başlayabilirsin. kontrolü yapılır. 
2022-03-19 21:23:46,970 INFO  [BasePage] hepsi burada web sitesi açılır 
2022-03-19 21:23:46,991 INFO  [BasePage] sayfa kontrolü yapılır 
2022-03-19 21:23:47,202 INFO  [BasePage] Bilgisayararaması yapılır 
2022-03-19 21:23:54,753 INFO  [BasePage] ara butonu tıklanır 
2022-03-19 21:24:05,141 INFO  [BasePage] sıralama ölçütü olarak Çok değerlendirilenler seçilir 
2022-03-19 21:24:05,144 INFO  [BasePage] sayfa kontrolü yapılır 
2022-03-19 21:24:06,492 INFO  [BasePage] ikinci ürün seçilir. 
2022-03-19 21:24:11,210 INFO  [BasePage] yeni sekmede ürün sepete eklenir. 
2022-03-19 21:24:11,260 INFO  [BasePage] Page title of new tab:Lenovo Ideapad 1 14IGL05 Intel Celeron N4020 4GB 128GB SSD Fiyatı 
2022-03-19 21:24:11,312 INFO  [BasePage] ChromeDriver: chrome on MAC (7613d59bf9a07f38fba9ce2b5293379c) 
2022-03-19 21:26:47,930 INFO  [BasePage] hepsi burada web sitesi açılır 
2022-03-19 21:26:47,950 INFO  [BasePage] sayfa kontrolü yapılır 
2022-03-19 21:26:48,177 INFO  [BasePage] Bilgisayararaması yapılır 
2022-03-19 21:26:54,113 INFO  [BasePage] ara butonu tıklanır 
2022-03-19 21:27:04,643 INFO  [BasePage] sıralama ölçütü olarak Çok değerlendirilenler seçilir 
2022-03-19 21:27:04,647 INFO  [BasePage] sayfa kontrolü yapılır 
2022-03-19 21:27:06,043 INFO  [BasePage] ikinci ürün seçilir. 
2022-03-19 21:27:09,447 INFO  [BasePage] yeni sekmede ürün sepete eklenir. 
2022-03-19 21:27:09,473 INFO  [BasePage] Page title of new tab:Asus X509FA-BR951T Intel Core i3 10110U 4GB 256GB SSD Fiyatı 
2022-03-19 21:27:09,550 INFO  [BasePage] ChromeDriver: chrome on MAC (889a95f2154a369b93aca40921fc719d) 
2022-03-19 21:27:14,891 INFO  [BasePage] ana sekmeye geçilir ve ekran yenilenir. 
2022-03-19 21:27:17,608 INFO  [BasePage] sepete gidilir. 
2022-03-19 21:27:19,029 INFO  [BasePage] sepetten ürün silinir. 
2022-03-19 21:27:19,453 INFO  [BasePage] silme  işlemi sonrası uyarı mesajı: Sepetin şu an boş
Sepetini Hepsiburada’nın fırsatlarla dolu dünyasından doldurmak için
aşağıdaki ürünleri incelemeye başlayabilirsin. kontrolü yapılır. 
2022-03-19 21:28:11,637 INFO  [BasePage] hepsi burada web sitesi açılır 
2022-03-19 21:28:11,662 INFO  [BasePage] sayfa kontrolü yapılır 
2022-03-19 21:28:11,893 INFO  [BasePage] Bilgisayararaması yapılır 
2022-03-19 21:28:14,341 INFO  [BasePage] ara butonu tıklanır 
2022-03-19 21:29:08,291 INFO  [BasePage] hepsi burada web sitesi açılır 
2022-03-19 21:29:08,303 INFO  [BasePage] sayfa kontrolü yapılır 
2022-03-19 21:29:08,517 INFO  [BasePage] Bilgisayararaması yapılır 
2022-03-19 21:29:08,633 INFO  [BasePage] ara butonu tıklanır 
2022-03-19 21:29:21,663 INFO  [BasePage] sıralama ölçütü olarak Çok değerlendirilenler seçilir 
2022-03-19 21:29:21,667 INFO  [BasePage] sayfa kontrolü yapılır 
2022-03-19 21:29:23,103 INFO  [BasePage] ikinci ürün seçilir. 
2022-03-19 21:29:26,838 INFO  [BasePage] yeni sekmede ürün sepete eklenir. 
2022-03-19 21:29:26,855 INFO  [BasePage] Page title of new tab:Asus X509FA-BR951T Intel Core i3 10110U 4GB 256GB SSD Fiyatı 
2022-03-19 21:29:26,915 INFO  [BasePage] ChromeDriver: chrome on MAC (62b44fd16fab9ad8d6e1f36fc5a6b695) 
2022-03-19 21:30:57,942 INFO  [BasePage] hepsi burada web sitesi açılır 
2022-03-19 21:30:57,957 INFO  [BasePage] sayfa kontrolü yapılır 
2022-03-19 21:30:58,131 INFO  [BasePage] Bilgisayararaması yapılır 
2022-03-19 21:31:04,181 INFO  [BasePage] ara butonu tıklanır 
2022-03-19 21:31:16,290 INFO  [BasePage] sıralama ölçütü olarak Çok değerlendirilenler seçilir 
2022-03-19 21:31:16,294 INFO  [BasePage] sayfa kontrolü yapılır 
2022-03-19 21:31:38,846 INFO  [BasePage] hepsi burada web sitesi açılır 
2022-03-19 21:31:38,864 INFO  [BasePage] sayfa kontrolü yapılır 
2022-03-19 21:31:39,092 INFO  [BasePage] Bilgisayararaması yapılır 
2022-03-19 21:31:39,303 INFO  [BasePage] ara butonu tıklanır 
2022-03-19 21:31:54,064 INFO  [BasePage] sıralama ölçütü olarak Çok değerlendirilenler seçilir 
2022-03-19 21:31:54,068 INFO  [BasePage] sayfa kontrolü yapılır 
2022-03-19 21:31:55,442 INFO  [BasePage] ikinci ürün seçilir. 
2022-03-19 21:31:58,273 INFO  [BasePage] yeni sekmede ürün sepete eklenir. 
2022-03-19 21:31:58,278 INFO  [BasePage] Page title of new tab:Asus X509FA-BR951T Intel Core i3 10110U 4GB 256GB SSD Fiyatı 
2022-03-19 21:31:58,343 INFO  [BasePage] ChromeDriver: chrome on MAC (d8559b46de1a084da953c32c08466310) 
2022-03-19 21:37:03,558 INFO  [BasePage] hepsi burada web sitesi açılır 
2022-03-19 21:37:03,579 INFO  [BasePage] sayfa kontrolü yapılır 
2022-03-19 21:37:03,789 INFO  [BasePage] Bilgisayararaması yapılır 
2022-03-19 21:37:03,918 INFO  [BasePage] ara butonu tıklanır 
2022-03-19 21:37:18,597 INFO  [BasePage] sıralama ölçütü olarak Çok değerlendirilenler seçilir 
2022-03-19 21:37:18,601 INFO  [BasePage] sayfa kontrolü yapılır 
2022-03-19 21:37:20,000 INFO  [BasePage] ikinci ürün seçilir. 
2022-03-19 21:37:23,585 INFO  [BasePage] yeni sekmede ürün sepete eklenir. 
2022-03-19 21:37:23,593 INFO  [BasePage] Page title of new tab:Asus X509FA-BR951T Intel Core i3 10110U 4GB 256GB SSD Fiyatı 
2022-03-19 21:37:23,613 INFO  [BasePage] ChromeDriver: chrome on MAC (80e8141a224b9a2f460fc2c59a44490e) 
2022-03-19 21:37:41,138 INFO  [BasePage] hepsi burada web sitesi açılır 
2022-03-19 21:37:41,157 INFO  [BasePage] sayfa kontrolü yapılır 
2022-03-19 21:37:41,366 INFO  [BasePage] Bilgisayararaması yapılır 
2022-03-19 21:37:46,146 INFO  [BasePage] ara butonu tıklanır 
2022-03-19 21:37:58,449 INFO  [BasePage] sıralama ölçütü olarak Çok değerlendirilenler seçilir 
2022-03-19 21:37:58,462 INFO  [BasePage] sayfa kontrolü yapılır 
2022-03-19 21:37:59,842 INFO  [BasePage] ikinci ürün seçilir. 
2022-03-19 21:38:02,995 INFO  [BasePage] yeni sekmede ürün sepete eklenir. 
2022-03-19 21:38:03,001 INFO  [BasePage] Page title of new tab:Asus X509FA-BR951T Intel Core i3 10110U 4GB 256GB SSD Fiyatı 
2022-03-19 21:38:03,030 INFO  [BasePage] ChromeDriver: chrome on MAC (f48ea767f02029cb10ac17b51716b73a) 
2022-03-19 21:38:52,681 INFO  [BasePage] hepsi burada web sitesi açılır 
2022-03-19 21:38:52,710 INFO  [BasePage] sayfa kontrolü yapılır 
2022-03-19 21:38:52,938 INFO  [BasePage] Bilgisayararaması yapılır 
2022-03-19 21:38:53,096 INFO  [BasePage] ara butonu tıklanır 
2022-03-19 21:42:49,472 INFO  [BasePage] hepsi burada web sitesi açılır 
2022-03-19 21:42:49,490 INFO  [BasePage] sayfa kontrolü yapılır 
2022-03-19 21:42:49,857 INFO  [BasePage] Bilgisayararaması yapılır 
2022-03-19 21:42:50,430 INFO  [BasePage] ara butonu tıklanır 
2022-03-19 21:42:56,746 INFO  [BasePage] sıralama ölçütü olarak Çok değerlendirilenler seçilir 
2022-03-19 21:42:56,824 INFO  [BasePage] sayfa kontrolü yapılır 
2022-03-19 21:42:58,699 INFO  [BasePage] ikinci ürün seçilir. 
2022-03-19 21:43:02,131 INFO  [BasePage] yeni sekmede ürün sepete eklenir. 
2022-03-19 21:43:02,149 INFO  [BasePage] Page title of new tab:Huawei Matebook D 16 AMD Ryzen 5 4600H 8GB 512GB SSD Windows Fiyatı 
2022-03-19 21:43:02,168 INFO  [BasePage] ChromeDriver: chrome on MAC (675093e02a8cd36701ba4464db85dfb8) 
2022-03-19 21:43:35,403 INFO  [BasePage] hepsi burada web sitesi açılır 
2022-03-19 21:43:35,427 INFO  [BasePage] sayfa kontrolü yapılır 
2022-03-19 21:43:35,641 INFO  [BasePage] Bilgisayararaması yapılır 
2022-03-19 21:43:35,735 INFO  [BasePage] ara butonu tıklanır 
2022-03-19 21:43:50,751 INFO  [BasePage] sıralama ölçütü olarak Çok değerlendirilenler seçilir 
2022-03-19 21:43:50,755 INFO  [BasePage] sayfa kontrolü yapılır 
2022-03-19 21:43:52,195 INFO  [BasePage] ikinci ürün seçilir. 
2022-03-19 21:43:55,628 INFO  [BasePage] yeni sekmede ürün sepete eklenir. 
2022-03-19 21:43:55,722 INFO  [BasePage] Page title of new tab:Lenovo Ideapad 1 14IGL05 Intel Celeron N4020 4GB 128GB SSD Fiyatı 
2022-03-19 21:43:55,891 INFO  [BasePage] ChromeDriver: chrome on MAC (41f9dc8b3fd6b8507e7c5de4e3fc2336) 
2022-03-19 21:44:03,045 INFO  [BasePage] ana sekmeye geçilir ve ekran yenilenir. 
2022-03-19 21:44:06,906 INFO  [BasePage] sepete gidilir. 
2022-03-19 21:44:08,523 INFO  [BasePage] sepetten ürün silinir. 
2022-03-19 21:44:08,972 INFO  [BasePage] silme  işlemi sonrası uyarı mesajı: Sepetin şu an boş
Sepetini Hepsiburada’nın fırsatlarla dolu dünyasından doldurmak için
aşağıdaki ürünleri incelemeye başlayabilirsin. kontrolü yapılır. 
2022-03-19 21:45:04,335 INFO  [BasePage] hepsi burada web sitesi açılır 
2022-03-19 21:45:04,351 INFO  [BasePage] sayfa kontrolü yapılır 
2022-03-19 21:45:04,433 INFO  [BasePage] Bilgisayararaması yapılır 
2022-03-19 21:45:11,322 INFO  [BasePage] ara butonu tıklanır 
2022-03-19 21:45:14,116 INFO  [BasePage] sıralama ölçütü olarak Çok değerlendirilenler seçilir 
2022-03-19 21:45:14,120 INFO  [BasePage] sayfa kontrolü yapılır 
2022-03-19 21:45:16,510 INFO  [BasePage] ikinci ürün seçilir. 
2022-03-19 21:45:18,784 INFO  [BasePage] yeni sekmede ürün sepete eklenir. 
2022-03-19 21:45:18,792 INFO  [BasePage] Page title of new tab:Huawei Matebook D 16 AMD Ryzen 5 4600H 8GB 512GB SSD Windows Fiyatı 
2022-03-19 21:45:18,826 INFO  [BasePage] FirefoxDriver: firefox on MAC (af29b39b-c3b3-4bb5-85df-74860cd8690f) 
2022-03-19 21:47:42,027 INFO  [BasePage] hepsi burada web sitesi açılır 
2022-03-19 21:47:42,035 INFO  [BasePage] sayfa kontrolü yapılır 
2022-03-19 21:47:42,146 INFO  [BasePage] Bilgisayararaması yapılır 
2022-03-19 21:47:44,107 INFO  [BasePage] ara butonu tıklanır 
2022-03-19 21:47:46,354 INFO  [BasePage] sıralama ölçütü olarak Çok değerlendirilenler seçilir 
2022-03-19 21:47:46,359 INFO  [BasePage] sayfa kontrolü yapılır 
2022-03-19 21:47:48,318 INFO  [BasePage] ikinci ürün seçilir. 
2022-03-19 21:47:50,663 INFO  [BasePage] yeni sekmede ürün sepete eklenir. 
2022-03-19 21:47:50,668 INFO  [BasePage] Page title of new tab:Lenovo Yoga 7 Intel Core i5 1135G7 8GB 512GB SSD Windows 11 Fiyatı 
2022-03-19 21:47:50,714 INFO  [BasePage] FirefoxDriver: firefox on MAC (35272601-db56-4d17-9a43-e2b931e62a49) 
2022-03-19 21:49:05,865 INFO  [BasePage] hepsi burada web sitesi açılır 
2022-03-19 21:49:05,875 INFO  [BasePage] sayfa kontrolü yapılır 
2022-03-19 21:49:05,963 INFO  [BasePage] Bilgisayararaması yapılır 
2022-03-19 21:49:09,287 INFO  [BasePage] ara butonu tıklanır 
2022-03-19 21:49:12,099 INFO  [BasePage] sıralama ölçütü olarak Çok değerlendirilenler seçilir 
2022-03-19 21:49:12,102 INFO  [BasePage] sayfa kontrolü yapılır 
2022-03-19 21:49:13,479 INFO  [BasePage] ikinci ürün seçilir. 
2022-03-19 21:50:22,669 INFO  [BasePage] hepsi burada web sitesi açılır 
2022-03-19 21:50:22,676 INFO  [BasePage] sayfa kontrolü yapılır 
2022-03-19 21:50:22,845 INFO  [BasePage] Bilgisayararaması yapılır 
2022-03-19 21:50:25,158 INFO  [BasePage] ara butonu tıklanır 
2022-03-19 21:50:27,977 INFO  [BasePage] sıralama ölçütü olarak Çok değerlendirilenler seçilir 
2022-03-19 21:50:27,979 INFO  [BasePage] sayfa kontrolü yapılır 
2022-03-19 21:50:29,764 INFO  [BasePage] ikinci ürün seçilir. 
2022-03-19 21:50:32,079 INFO  [BasePage] yeni sekmede ürün sepete eklenir. 
2022-03-19 21:50:32,082 INFO  [BasePage] Page title of new tab:Huawei Matebook D 16 AMD Ryzen 5 4600H 8GB 512GB SSD Windows Fiyatı 
2022-03-19 21:50:32,107 INFO  [BasePage] FirefoxDriver: firefox on MAC (8d5a07b3-7172-4c4f-8bf0-01f4b33e745b) 
2022-03-19 21:51:10,048 INFO  [BasePage] hepsi burada web sitesi açılır 
2022-03-19 21:51:10,060 INFO  [BasePage] sayfa kontrolü yapılır 
2022-03-19 21:51:10,182 INFO  [BasePage] Bilgisayararaması yapılır 
2022-03-19 21:51:12,380 INFO  [BasePage] ara butonu tıklanır 
2022-03-19 21:51:15,236 INFO  [BasePage] sıralama ölçütü olarak Çok değerlendirilenler seçilir 
2022-03-19 21:51:15,240 INFO  [BasePage] sayfa kontrolü yapılır 
2022-03-19 21:51:17,837 INFO  [BasePage] ikinci ürün seçilir. 
2022-03-19 21:51:20,141 INFO  [BasePage] yeni sekmede ürün sepete eklenir. 
2022-03-19 21:51:20,148 INFO  [BasePage] Page title of new tab:Huawei Matebook D 16 AMD Ryzen 5 4600H 8GB 512GB SSD Windows Fiyatı 
2022-03-19 21:51:20,330 INFO  [BasePage] FirefoxDriver: firefox on MAC (76e66132-8a91-4a6e-8309-b76e8bd3bc84) 
2022-03-19 21:51:58,244 INFO  [BasePage] hepsi burada web sitesi açılır 
2022-03-19 21:51:58,256 INFO  [BasePage] sayfa kontrolü yapılır 
2022-03-19 21:51:58,348 INFO  [BasePage] Bilgisayararaması yapılır 
2022-03-19 21:52:01,457 INFO  [BasePage] ara butonu tıklanır 
2022-03-19 21:52:04,352 INFO  [BasePage] sıralama ölçütü olarak Çok değerlendirilenler seçilir 
2022-03-19 21:52:04,355 INFO  [BasePage] sayfa kontrolü yapılır 
2022-03-19 21:52:06,223 INFO  [BasePage] ikinci ürün seçilir. 
2022-03-19 21:52:08,526 INFO  [BasePage] yeni sekmede ürün sepete eklenir. 
2022-03-19 21:52:08,530 INFO  [BasePage] Page title of new tab:Huawei Matebook D 16 AMD Ryzen 5 4600H 8GB 512GB SSD Windows Fiyatı 
2022-03-19 21:52:08,548 INFO  [BasePage] FirefoxDriver: firefox on MAC (b665e1aa-37e7-4d6b-9529-0854d59cb373) 
2022-03-19 21:55:58,205 INFO  [BasePage] hepsi burada web sitesi açılır 
2022-03-19 21:55:58,212 INFO  [BasePage] sayfa kontrolü yapılır 
2022-03-19 21:55:58,296 INFO  [BasePage] Bilgisayararaması yapılır 
2022-03-19 21:56:04,991 INFO  [BasePage] ara butonu tıklanır 
2022-03-19 21:56:07,799 INFO  [BasePage] sıralama ölçütü olarak Çok değerlendirilenler seçilir 
2022-03-19 21:56:07,802 INFO  [BasePage] sayfa kontrolü yapılır 
2022-03-19 21:56:09,987 INFO  [BasePage] ikinci ürün seçilir. 
2022-03-19 21:56:12,409 INFO  [BasePage] yeni sekmede ürün sepete eklenir. 
2022-03-19 21:56:12,414 INFO  [BasePage] Page title of new tab:Huawei Matebook D 16 AMD Ryzen 5 4600H 8GB 512GB SSD Windows Fiyatı 
2022-03-19 21:56:12,426 INFO  [BasePage] FirefoxDriver: firefox on MAC (a155b382-ec80-432b-a440-ae74e48a6184) 
2022-03-19 22:00:33,035 INFO  [BasePage] hepsi burada web sitesi açılır 
2022-03-19 22:00:33,041 INFO  [BasePage] sayfa kontrolü yapılır 
2022-03-19 22:00:33,148 INFO  [BasePage] Bilgisayararaması yapılır 
2022-03-19 22:00:36,764 INFO  [BasePage] ara butonu tıklanır 
2022-03-19 22:00:39,585 INFO  [BasePage] sıralama ölçütü olarak Çok değerlendirilenler seçilir 
2022-03-19 22:00:39,588 INFO  [BasePage] sayfa kontrolü yapılır 
2022-03-19 22:00:42,071 INFO  [BasePage] ikinci ürün seçilir. 
2022-03-19 22:00:44,336 INFO  [BasePage] yeni sekmede ürün sepete eklenir. 
2022-03-19 22:00:44,340 INFO  [BasePage] Page title of new tab:Huawei Matebook D 16 AMD Ryzen 5 4600H 8GB 512GB SSD Windows Fiyatı 
2022-03-19 22:00:44,356 INFO  [BasePage] FirefoxDriver: firefox on MAC (9f19209a-998a-44b7-84fa-ccf9bf65e540) 
2022-03-19 22:00:51,431 INFO  [BasePage] ana sekmeye geçilir ve ekran yenilenir. 
2022-03-19 22:00:54,472 INFO  [BasePage] sepete gidilir. 
2022-03-19 22:00:54,817 INFO  [BasePage] sepetten ürün silinir. 
2022-03-19 22:00:55,079 INFO  [BasePage] silme  işlemi sonrası uyarı mesajı: Sepetin şu an boş
Sepetini Hepsiburada’nın fırsatlarla dolu dünyasından doldurmak için
aşağıdaki ürünleri incelemeye başlayabilirsin. kontrolü yapılır. 
2022-03-19 22:01:49,800 INFO  [BasePage] hepsi burada web sitesi açılır 
2022-03-19 22:01:49,812 INFO  [BasePage] sayfa kontrolü yapılır 
2022-03-19 22:01:49,931 INFO  [BasePage] Bilgisayararaması yapılır 
2022-03-19 22:01:53,850 INFO  [BasePage] ara butonu tıklanır 
2022-03-19 22:01:56,703 INFO  [BasePage] sıralama ölçütü olarak Çok değerlendirilenler seçilir 
2022-03-19 22:01:56,706 INFO  [BasePage] sayfa kontrolü yapılır 
2022-03-19 22:01:59,310 INFO  [BasePage] ikinci ürün seçilir. 
2022-03-19 22:02:01,577 INFO  [BasePage] yeni sekmede ürün sepete eklenir. 
2022-03-19 22:02:01,580 INFO  [BasePage] Page title of new tab:Huawei Matebook D 16 AMD Ryzen 5 4600H 8GB 512GB SSD Windows Fiyatı 
2022-03-19 22:02:01,598 INFO  [BasePage] FirefoxDriver: firefox on MAC (92188cfe-1ae2-4a50-8ec9-2f20c2f1a887) 
2022-03-19 22:21:45,765 INFO  [BasePage] hepsi burada web sitesi açılır 
2022-03-19 22:21:45,775 INFO  [BasePage] sayfa kontrolü yapılır 
2022-03-19 22:21:45,938 INFO  [BasePage] Bilgisayararaması yapılır 
2022-03-19 22:21:50,063 INFO  [BasePage] ara butonu tıklanır 
2022-03-19 22:21:52,962 INFO  [BasePage] sıralama ölçütü olarak Çok değerlendirilenler seçilir 
2022-03-19 22:21:52,966 INFO  [BasePage] sayfa kontrolü yapılır 
2022-03-19 22:21:54,423 INFO  [BasePage] ikinci ürün seçilir. 
2022-03-19 22:23:02,201 INFO  [BasePage] hepsi burada web sitesi açılır 
2022-03-19 22:23:02,228 INFO  [BasePage] sayfa kontrolü yapılır 
2022-03-19 22:23:02,520 INFO  [BasePage] Bilgisayararaması yapılır 
2022-03-19 22:23:03,535 INFO  [BasePage] ara butonu tıklanır 
2022-03-19 22:23:07,429 INFO  [BasePage] sıralama ölçütü olarak Çok değerlendirilenler seçilir 
2022-03-19 22:23:07,470 INFO  [BasePage] sayfa kontrolü yapılır 
2022-03-19 22:23:09,463 INFO  [BasePage] ikinci ürün seçilir. 
2022-03-19 22:23:14,233 INFO  [BasePage] yeni sekmede ürün sepete eklenir. 
2022-03-19 22:23:14,278 INFO  [BasePage] Page title of new tab:Huawei Matebook D 16 AMD Ryzen 5 4600H 8GB 512GB SSD Windows Fiyatı 
2022-03-19 22:23:14,358 INFO  [BasePage] ChromeDriver: chrome on MAC (8727fccf5f5d24d1dd1726bde39a806b) 
2022-03-19 22:23:21,530 INFO  [BasePage] ana sekmeye geçilir ve ekran yenilenir. 
2022-03-19 22:23:26,918 INFO  [BasePage] sepete gidilir. 
2022-03-19 22:23:28,364 INFO  [BasePage] sepetten ürün silinir. 
2022-03-19 22:23:29,045 INFO  [BasePage] silme  işlemi sonrası uyarı mesajı: Sepetin şu an boş
Sepetini Hepsiburada’nın fırsatlarla dolu dünyasından doldurmak için
aşağıdaki ürünleri incelemeye başlayabilirsin. kontrolü yapılır. 
2022-03-19 22:26:15,448 INFO  [BasePage] hepsi burada web sitesi açılır 
2022-03-19 22:26:15,464 INFO  [BasePage] sayfa kontrolü yapılır 
2022-03-19 22:26:16,386 INFO  [BasePage] Bilgisayararaması yapılır 
2022-03-19 22:26:16,884 INFO  [BasePage] ara butonu tıklanır 
2022-03-19 22:26:26,735 INFO  [BasePage] sıralama ölçütü olarak Çok değerlendirilenler seçilir 
2022-03-19 22:26:26,747 INFO  [BasePage] sayfa kontrolü yapılır 
2022-03-19 22:26:28,914 INFO  [BasePage] ikinci ürün seçilir. 
2022-03-19 22:26:33,000 INFO  [BasePage] yeni sekmede ürün sepete eklenir. 
2022-03-19 22:26:33,262 INFO  [BasePage] Page title of new tab:Huawei Matebook D 16 AMD Ryzen 5 4600H 8GB 512GB SSD Windows Fiyatı 
2022-03-19 22:26:33,299 INFO  [BasePage] ChromeDriver: chrome on MAC (6f0ef81ec52fa5b4fa4809d1d8042557) 
2022-03-19 22:26:40,599 INFO  [BasePage] ana sekmeye geçilir ve ekran yenilenir. 
2022-03-19 22:26:45,050 INFO  [BasePage] sepete gidilir. 
2022-03-19 22:26:46,185 INFO  [BasePage] sepetten ürün silinir. 
2022-03-19 22:26:46,645 INFO  [BasePage] silme  işlemi sonrası uyarı mesajı: Sepetin şu an boş
Sepetini Hepsiburada’nın fırsatlarla dolu dünyasından doldurmak için
aşağıdaki ürünleri incelemeye başlayabilirsin. kontrolü yapılır. 
2022-03-19 22:29:56,421 INFO  [BasePage] hepsi burada web sitesi açılır 
2022-03-19 22:29:56,442 INFO  [BasePage] sayfa kontrolü yapılır 
2022-03-19 22:29:56,659 INFO  [BasePage] Bilgisayararaması yapılır 
2022-03-19 22:30:03,211 INFO  [BasePage] ara butonu tıklanır 
2022-03-19 22:30:05,703 INFO  [BasePage] sıralama ölçütü olarak Çok değerlendirilenler seçilir 
2022-03-19 22:30:05,707 INFO  [BasePage] sayfa kontrolü yapılır 
2022-03-19 22:30:07,808 INFO  [BasePage] ikinci ürün seçilir. 
2022-03-19 22:30:11,657 INFO  [BasePage] yeni sekmede ürün sepete eklenir. 
2022-03-19 22:30:11,975 INFO  [BasePage] Page title of new tab:Huawei Matebook D 16 AMD Ryzen 5 4600H 8GB 512GB SSD Windows Fiyatı 
2022-03-19 22:30:12,025 INFO  [BasePage] ChromeDriver: chrome on MAC (974a37c3e7e680171a03e6e91c939cf2) 
2022-03-19 22:30:19,185 INFO  [BasePage] ana sekmeye geçilir ve ekran yenilenir. 
2022-03-19 22:30:24,017 INFO  [BasePage] sepete gidilir. 
2022-03-19 22:30:25,027 INFO  [BasePage] sepetten ürün silinir. 
2022-03-19 22:30:25,539 INFO  [BasePage] silme  işlemi sonrası uyarı mesajı: Sepetin şu an boş
Sepetini Hepsiburada’nın fırsatlarla dolu dünyasından doldurmak için
aşağıdaki ürünleri incelemeye başlayabilirsin. kontrolü yapılır. 
2022-03-19 22:42:48,612 INFO  [BasePage] hepsi burada web sitesi açılır 
2022-03-19 22:42:48,639 INFO  [BasePage] sayfa kontrolü yapılır 
2022-03-19 22:42:48,935 INFO  [BasePage] Bilgisayararaması yapılır 
2022-03-19 22:42:56,269 INFO  [BasePage] ara butonu tıklanır 
2022-03-19 22:42:58,771 INFO  [BasePage] sıralama ölçütü olarak Çok değerlendirilenler seçilir 
2022-03-19 22:42:58,782 INFO  [BasePage] sayfa kontrolü yapılır 
2022-03-19 22:43:00,845 INFO  [BasePage] ikinci ürün seçilir. 
2022-03-19 22:43:04,945 INFO  [BasePage] yeni sekmede ürün sepete eklenir. 
2022-03-19 22:43:04,963 INFO  [BasePage] Page title of new tab:Huawei Matebook D 16 AMD Ryzen 5 4600H 8GB 512GB SSD Windows Fiyatı 
2022-03-19 22:43:04,999 INFO  [BasePage] ChromeDriver: chrome on MAC (a34c259ca2981b7bced4d7ca4322e642) 
2022-03-19 22:43:12,282 INFO  [BasePage] ana sekmeye geçilir ve ekran yenilenir. 
2022-03-19 22:43:17,518 INFO  [BasePage] sepete gidilir. 
2022-03-19 22:43:18,897 INFO  [BasePage] sepetten ürün silinir. 
2022-03-19 22:43:19,584 INFO  [BasePage] silme  işlemi sonrası uyarı mesajı: Sepetin şu an boş
Sepetini Hepsiburada’nın fırsatlarla dolu dünyasından doldurmak için
aşağıdaki ürünleri incelemeye başlayabilirsin. kontrolü yapılır. 
2022-03-19 22:48:06,815 INFO  [BasePage] hepsi burada web sitesi açılır 
2022-03-19 22:48:06,846 INFO  [BasePage] sayfa kontrolü yapılır 
2022-03-19 22:48:07,116 INFO  [BasePage] Bilgisayararaması yapılır 
2022-03-19 22:48:12,082 INFO  [BasePage] ara butonu tıklanır 
2022-03-19 22:48:14,613 INFO  [BasePage] sıralama ölçütü olarak Çok değerlendirilenler seçilir 
2022-03-19 22:48:14,632 INFO  [BasePage] sayfa kontrolü yapılır 
2022-03-19 22:48:16,982 INFO  [BasePage] ikinci ürün seçilir. 
2022-03-19 22:51:33,089 INFO  [BasePage] hepsi burada web sitesi açılır 
2022-03-19 22:51:33,113 INFO  [BasePage] sayfa kontrolü yapılır 
2022-03-19 22:51:33,342 INFO  [BasePage] Bilgisayararaması yapılır 
2022-03-19 22:51:33,456 INFO  [BasePage] ara butonu tıklanır 
2022-03-19 22:51:35,111 INFO  [BasePage] hepsi burada web sitesi açılır 
2022-03-19 22:51:35,116 INFO  [BasePage] sayfa kontrolü yapılır 
2022-03-19 22:51:35,216 INFO  [BasePage] Bilgisayararaması yapılır 
2022-03-19 22:51:38,058 INFO  [BasePage] ara butonu tıklanır 
2022-03-19 22:51:38,357 INFO  [BasePage] sıralama ölçütü olarak Çok değerlendirilenler seçilir 
2022-03-19 22:51:38,368 INFO  [BasePage] sayfa kontrolü yapılır 
2022-03-19 22:51:40,051 INFO  [BasePage] ikinci ürün seçilir. 
2022-03-19 22:51:40,902 INFO  [BasePage] sıralama ölçütü olarak Çok değerlendirilenler seçilir 
2022-03-19 22:51:40,903 INFO  [BasePage] sayfa kontrolü yapılır 
2022-03-19 22:51:43,480 INFO  [BasePage] ikinci ürün seçilir. 
2022-03-19 22:51:44,322 INFO  [BasePage] yeni sekmede ürün sepete eklenir. 
2022-03-19 22:51:44,447 INFO  [BasePage] Page title of new tab:Huawei Matebook D 16 AMD Ryzen 5 4600H 8GB 512GB SSD Windows Fiyatı 
2022-03-19 22:51:44,633 INFO  [BasePage] ChromeDriver: chrome on MAC (b8aa0475423f4339788c48fec88fe702) 
2022-03-19 22:51:45,738 INFO  [BasePage] yeni sekmede ürün sepete eklenir. 
2022-03-19 22:51:45,742 INFO  [BasePage] Page title of new tab:Huawei Matebook D 16 AMD Ryzen 5 4600H 8GB 512GB SSD Windows Fiyatı 
2022-03-19 22:51:45,754 INFO  [BasePage] FirefoxDriver: firefox on MAC (a49b27ff-deed-4f69-b0e5-dde853a5ad69) 
2022-03-19 22:51:51,781 INFO  [BasePage] ana sekmeye geçilir ve ekran yenilenir. 
2022-03-19 22:51:56,796 INFO  [BasePage] sepete gidilir. 
2022-03-19 22:51:57,906 INFO  [BasePage] sepetten ürün silinir. 
2022-03-19 22:51:58,572 INFO  [BasePage] silme  işlemi sonrası uyarı mesajı: Sepetin şu an boş
Sepetini Hepsiburada’nın fırsatlarla dolu dünyasından doldurmak için
aşağıdaki ürünleri incelemeye başlayabilirsin. kontrolü yapılır. 
2022-03-19 22:58:20,810 INFO  [BasePage] hepsi burada web sitesi açılır 
2022-03-19 22:58:20,834 INFO  [BasePage] sayfa kontrolü yapılır 
2022-03-19 22:58:21,044 INFO  [BasePage] Bilgisayararaması yapılır 
2022-03-19 22:58:21,171 INFO  [BasePage] ara butonu tıklanır 
2022-03-19 22:58:25,919 INFO  [BasePage] sıralama ölçütü olarak Çok değerlendirilenler seçilir 
2022-03-19 22:58:25,932 INFO  [BasePage] sayfa kontrolü yapılır 
2022-03-19 22:58:27,838 INFO  [BasePage] ikinci ürün seçilir. 
2022-03-19 22:58:31,823 INFO  [BasePage] yeni sekmede ürün sepete eklenir. 
2022-03-19 22:58:31,901 INFO  [BasePage] Page title of new tab:Huawei Matebook D 16 AMD Ryzen 5 4600H 8GB 512GB SSD Windows Fiyatı 
2022-03-19 22:58:31,928 INFO  [BasePage] ChromeDriver: chrome on MAC (b8e90e0a47753bfc0e2daace91358fa3) 
2022-03-19 22:58:50,183 INFO  [BasePage] hepsi burada web sitesi açılır 
2022-03-19 22:58:50,185 INFO  [BasePage] sayfa kontrolü yapılır 
2022-03-19 22:58:50,304 INFO  [BasePage] Bilgisayararaması yapılır 
2022-03-19 22:58:58,919 INFO  [BasePage] ara butonu tıklanır 
2022-03-19 22:59:01,711 INFO  [BasePage] sıralama ölçütü olarak Çok değerlendirilenler seçilir 
2022-03-19 22:59:01,713 INFO  [BasePage] sayfa kontrolü yapılır 
2022-03-19 22:59:03,787 INFO  [BasePage] ikinci ürün seçilir. 
2022-03-19 22:59:06,061 INFO  [BasePage] yeni sekmede ürün sepete eklenir. 
2022-03-19 22:59:06,064 INFO  [BasePage] Page title of new tab:Huawei Matebook D 16 AMD Ryzen 5 4600H 8GB 512GB SSD Windows Fiyatı 
2022-03-19 22:59:06,083 INFO  [BasePage] FirefoxDriver: firefox on MAC (0582a34c-1858-4926-af89-a167d022394f) 
2022-03-19 23:27:56,377 INFO  [BasePage] hepsi burada web sitesi açılır 
2022-03-19 23:27:56,384 INFO  [BasePage] sayfa kontrolü yapılır 
2022-03-19 23:27:56,471 INFO  [BasePage] Bilgisayararaması yapılır 
2022-03-19 23:28:00,110 INFO  [BasePage] ara butonu tıklanır 
2022-03-19 23:28:02,377 INFO  [BasePage] sıralama ölçütü olarak Çok değerlendirilenler seçilir 
2022-03-19 23:28:02,381 INFO  [BasePage] sayfa kontrolü yapılır 
2022-03-19 23:28:04,010 INFO  [BasePage] ikinci ürün seçilir. 
2022-03-19 23:28:06,295 INFO  [BasePage] yeni sekmede ürün sepete eklenir. 
2022-03-19 23:28:06,298 INFO  [BasePage] Page title of new tab:Lenovo Ideapad 1 14IGL05 Intel Celeron N4020 4GB 128GB SSD Fiyatı 
2022-03-19 23:28:06,314 INFO  [BasePage] FirefoxDriver: firefox on MAC (ddaa0171-7753-4405-a76d-796540e7db1b) 
2022-03-19 23:28:13,395 INFO  [BasePage] ana sekmeye geçilir ve ekran yenilenir. 
2022-03-19 23:28:16,622 INFO  [BasePage] sepete gidilir. 
2022-03-19 23:28:16,995 INFO  [BasePage] sepetten ürün silinir. 
2022-03-19 23:28:17,235 INFO  [BasePage] silme  işlemi sonrası uyarı mesajı: Sepetin şu an boş
Sepetini Hepsiburada’nın fırsatlarla dolu dünyasından doldurmak için
aşağıdaki ürünleri incelemeye başlayabilirsin. kontrolü yapılır. 
2022-03-19 23:28:42,903 INFO  [BasePage] hepsi burada web sitesi açılır 
2022-03-19 23:28:42,938 INFO  [BasePage] sayfa kontrolü yapılır 
2022-03-19 23:28:43,249 INFO  [BasePage] Bilgisayararaması yapılır 
2022-03-19 23:28:43,391 INFO  [BasePage] ara butonu tıklanır 
2022-03-19 23:28:48,647 INFO  [BasePage] sıralama ölçütü olarak Çok değerlendirilenler seçilir 
2022-03-19 23:28:48,664 INFO  [BasePage] sayfa kontrolü yapılır 
2022-03-19 23:28:50,530 INFO  [BasePage] ikinci ürün seçilir. 
2022-03-19 23:28:54,055 INFO  [BasePage] yeni sekmede ürün sepete eklenir. 
2022-03-19 23:28:54,325 INFO  [BasePage] Page title of new tab:Huawei Matebook D 16 AMD Ryzen 5 4600H 8GB 512GB SSD Windows Fiyatı 
2022-03-19 23:28:54,356 INFO  [BasePage] ChromeDriver: chrome on MAC (a9be4e8cb7921fad34d0d86b29d9b14e) 
2022-03-19 23:32:32,616 INFO  [BasePage] hepsi burada web sitesi açılır 
2022-03-19 23:32:32,624 INFO  [BasePage] sayfa kontrolü yapılır 
2022-03-19 23:32:32,742 INFO  [BasePage] Bilgisayararaması yapılır 
2022-03-19 23:32:36,182 INFO  [BasePage] ara butonu tıklanır 
2022-03-19 23:32:38,985 INFO  [BasePage] sıralama ölçütü olarak Çok değerlendirilenler seçilir 
2022-03-19 23:32:38,988 INFO  [BasePage] sayfa kontrolü yapılır 
2022-03-19 23:32:40,245 INFO  [BasePage] ikinci ürün seçilir. 
2022-03-19 23:33:41,779 INFO  [BasePage] hepsi burada web sitesi açılır 
2022-03-19 23:33:41,792 INFO  [BasePage] sayfa kontrolü yapılır 
2022-03-19 23:33:41,882 INFO  [BasePage] Bilgisayararaması yapılır 
2022-03-19 23:33:44,358 INFO  [BasePage] ara butonu tıklanır 
2022-03-19 23:33:47,164 INFO  [BasePage] sıralama ölçütü olarak Çok değerlendirilenler seçilir 
2022-03-19 23:33:47,168 INFO  [BasePage] sayfa kontrolü yapılır 
2022-03-19 23:33:49,839 INFO  [BasePage] ikinci ürün seçilir. 
2022-03-19 23:33:52,156 INFO  [BasePage] yeni sekmede ürün sepete eklenir. 
2022-03-19 23:33:52,159 INFO  [BasePage] Page title of new tab:Huawei Matebook D 16 AMD Ryzen 5 4600H 8GB 512GB SSD Windows Fiyatı 
2022-03-19 23:33:52,188 INFO  [BasePage] FirefoxDriver: firefox on MAC (3ca195c8-e874-4bcb-bf77-380060f505f3) 
2022-03-19 23:35:08,229 INFO  [BasePage] hepsi burada web sitesi açılır 
2022-03-19 23:35:08,239 INFO  [BasePage] sayfa kontrolü yapılır 
2022-03-19 23:35:08,331 INFO  [BasePage] Bilgisayararaması yapılır 
2022-03-19 23:35:11,965 INFO  [BasePage] ara butonu tıklanır 
2022-03-19 23:35:14,812 INFO  [BasePage] sıralama ölçütü olarak Çok değerlendirilenler seçilir 
2022-03-19 23:35:14,816 INFO  [BasePage] sayfa kontrolü yapılır 
2022-03-19 23:35:17,540 INFO  [BasePage] ikinci ürün seçilir. 
2022-03-19 23:35:19,842 INFO  [BasePage] yeni sekmede ürün sepete eklenir. 
2022-03-19 23:35:19,850 INFO  [BasePage] Page title of new tab:Huawei Matebook D 16 AMD Ryzen 5 4600H 8GB 512GB SSD Windows Fiyatı 
2022-03-19 23:35:19,908 INFO  [BasePage] FirefoxDriver: firefox on MAC (f42f832e-5654-4a30-9ba7-1b0caf4ab45c) 
2022-03-19 23:35:27,012 INFO  [BasePage] ana sekmeye geçilir ve ekran yenilenir. 
2022-03-19 23:35:32,054 INFO  [BasePage] sepete gidilir. 
2022-03-19 23:35:32,340 INFO  [BasePage] sepetten ürün silinir. 
2022-03-19 23:35:32,919 INFO  [BasePage] silme  işlemi sonrası uyarı mesajı: Sepetin şu an boş
Sepetini Hepsiburada’nın fırsatlarla dolu dünyasından doldurmak için
aşağıdaki ürünleri incelemeye başlayabilirsin. kontrolü yapılır. 
2022-03-19 23:37:05,672 INFO  [BasePage] hepsi burada web sitesi açılır 
2022-03-19 23:37:05,683 INFO  [BasePage] sayfa kontrolü yapılır 
2022-03-19 23:37:05,779 INFO  [BasePage] Bilgisayararaması yapılır 
2022-03-19 23:37:07,833 INFO  [BasePage] ara butonu tıklanır 
2022-03-19 23:37:10,236 INFO  [BasePage] sıralama ölçütü olarak Çok değerlendirilenler seçilir 
2022-03-19 23:37:10,242 INFO  [BasePage] sayfa kontrolü yapılır 
2022-03-19 23:37:13,723 INFO  [BasePage] ikinci ürün seçilir. 
2022-03-19 23:37:16,040 INFO  [BasePage] yeni sekmede ürün sepete eklenir. 
2022-03-19 23:37:16,043 INFO  [BasePage] Page title of new tab:Lenovo Ideapad 1 14IGL05 Intel Celeron N4020 4GB 128GB SSD Fiyatı 
2022-03-19 23:37:16,129 INFO  [BasePage] FirefoxDriver: firefox on MAC (46c1475c-8770-4a17-8ab8-85bb82ed5855) 
2022-03-19 23:38:02,001 INFO  [BasePage] hepsi burada web sitesi açılır 
2022-03-19 23:38:02,010 INFO  [BasePage] sayfa kontrolü yapılır 
2022-03-19 23:38:02,113 INFO  [BasePage] Bilgisayararaması yapılır 
2022-03-19 23:38:07,497 INFO  [BasePage] ara butonu tıklanır 
2022-03-19 23:38:10,345 INFO  [BasePage] sıralama ölçütü olarak Çok değerlendirilenler seçilir 
2022-03-19 23:38:10,352 INFO  [BasePage] sayfa kontrolü yapılır 
2022-03-19 23:38:13,572 INFO  [BasePage] ikinci ürün seçilir. 
2022-03-19 23:38:15,845 INFO  [BasePage] yeni sekmede ürün sepete eklenir. 
2022-03-19 23:38:15,855 INFO  [BasePage] Page title of new tab:Huawei Matebook D 16 AMD Ryzen 5 4600H 8GB 512GB SSD Windows Fiyatı 
2022-03-19 23:38:15,899 INFO  [BasePage] FirefoxDriver: firefox on MAC (4693a0a2-335c-4caf-acc6-beeab7d2ee10) 
2022-03-19 23:39:45,494 INFO  [BasePage] hepsi burada web sitesi açılır 
2022-03-19 23:39:45,517 INFO  [BasePage] sayfa kontrolü yapılır 
2022-03-19 23:39:45,726 INFO  [BasePage] Bilgisayararaması yapılır 
2022-03-19 23:39:45,798 INFO  [BasePage] ara butonu tıklanır 
2022-03-19 23:39:54,045 INFO  [BasePage] sıralama ölçütü olarak Çok değerlendirilenler seçilir 
2022-03-19 23:39:54,051 INFO  [BasePage] sayfa kontrolü yapılır 
2022-03-19 23:39:56,528 INFO  [BasePage] ikinci ürün seçilir. 
2022-03-19 23:39:59,794 INFO  [BasePage] yeni sekmede ürün sepete eklenir. 
2022-03-19 23:39:59,969 INFO  [BasePage] Page title of new tab:Huawei Matebook D 16 AMD Ryzen 5 4600H 8GB 512GB SSD Windows Fiyatı 
2022-03-19 23:40:00,103 INFO  [BasePage] ChromeDriver: chrome on MAC (e548bd8714b09651a8d05fa22e3c1652) 
2022-03-19 23:40:55,575 INFO  [BasePage] hepsi burada web sitesi açılır 
2022-03-19 23:40:55,588 INFO  [BasePage] sayfa kontrolü yapılır 
2022-03-19 23:40:55,824 INFO  [BasePage] Bilgisayararaması yapılır 
2022-03-19 23:40:56,129 INFO  [BasePage] ara butonu tıklanır 
2022-03-19 23:40:59,429 INFO  [BasePage] sıralama ölçütü olarak Çok değerlendirilenler seçilir 
2022-03-19 23:40:59,439 INFO  [BasePage] sayfa kontrolü yapılır 
2022-03-19 23:41:01,979 INFO  [BasePage] ikinci ürün seçilir. 
2022-03-19 23:41:05,415 INFO  [BasePage] yeni sekmede ürün sepete eklenir. 
2022-03-19 23:41:05,535 INFO  [BasePage] Page title of new tab:Huawei Matebook D 16 AMD Ryzen 5 4600H 8GB 512GB SSD Windows Fiyatı 
2022-03-19 23:41:05,561 INFO  [BasePage] ChromeDriver: chrome on MAC (5d8ff01be1e66217845030c062e49e4b) 
2022-03-19 23:58:14,349 INFO  [BasePage] hepsi burada web sitesi açılır 
2022-03-19 23:58:14,390 INFO  [BasePage] sayfa kontrolü yapılır 
2022-03-19 23:58:14,682 INFO  [BasePage] Bilgisayararaması yapılır 
2022-03-19 23:58:19,124 INFO  [BasePage] ara butonu tıklanır 
2022-03-19 23:58:21,626 INFO  [BasePage] sıralama ölçütü olarak Çok değerlendirilenler seçilir 
2022-03-19 23:58:21,646 INFO  [BasePage] sayfa kontrolü yapılır 
2022-03-19 23:58:24,214 INFO  [BasePage] ikinci ürün seçilir. 
2022-03-19 23:58:27,928 INFO  [BasePage] yeni sekmede ürün sepete eklenir. 
2022-03-19 23:58:28,083 INFO  [BasePage] Page title of new tab:Huawei Matebook D 16 AMD Ryzen 5 4600H 8GB 512GB SSD Windows Fiyatı 
2022-03-19 23:58:28,111 INFO  [BasePage] ChromeDriver: chrome on MAC (85b5f246244410ec20ff8664a04b6099) 
2022-03-19 23:58:35,249 INFO  [BasePage] ana sekmeye geçilir 
2022-03-19 23:58:35,262 INFO  [BasePage] ekran yenilenri 
2022-03-19 23:58:39,951 INFO  [BasePage] sepete gidilir. 
2022-03-19 23:58:41,094 INFO  [BasePage] sepetten ürün silinir. 
2022-03-19 23:58:41,756 INFO  [BasePage] silme  işlemi sonrası uyarı mesajı: Sepetin şu an boş
Sepetini Hepsiburada’nın fırsatlarla dolu dünyasından doldurmak için
aşağıdaki ürünleri incelemeye başlayabilirsin. kontrolü yapılır. 
2022-03-20 00:00:42,154 INFO  [BasePage] hepsi burada web sitesi açılır 
2022-03-20 00:00:42,162 INFO  [BasePage] sayfa kontrolü yapılır 
2022-03-20 00:00:42,268 INFO  [BasePage] Bilgisayararaması yapılır 
2022-03-20 00:00:49,254 INFO  [BasePage] ara butonu tıklanır 
2022-03-20 00:00:52,037 INFO  [BasePage] sıralama ölçütü olarak Çok değerlendirilenler seçilir 
2022-03-20 00:00:52,041 INFO  [BasePage] sayfa kontrolü yapılır 
2022-03-20 00:00:54,682 INFO  [BasePage] ikinci ürün seçilir. 
2022-03-20 00:00:57,024 INFO  [BasePage] yeni sekmede ürün sepete eklenir. 
2022-03-20 00:00:57,049 INFO  [BasePage] Page title of new tab:Huawei Matebook D 16 AMD Ryzen 5 4600H 8GB 512GB SSD Windows Fiyatı 
2022-03-20 00:00:57,096 INFO  [BasePage] FirefoxDriver: firefox on MAC (3104a86b-01ff-46fe-9bed-73cdfbc94e85) 
2022-03-20 00:01:04,178 INFO  [BasePage] ana sekmeye geçilir 
2022-03-20 00:01:07,720 INFO  [BasePage] sepete gidilir. 
2022-03-20 00:01:08,002 INFO  [BasePage] sepetten ürün silinir. 
2022-03-20 00:01:08,425 INFO  [BasePage] silme  işlemi sonrası uyarı mesajı: Sepetin şu an boş
Sepetini Hepsiburada’nın fırsatlarla dolu dünyasından doldurmak için
aşağıdaki ürünleri incelemeye başlayabilirsin. kontrolü yapılır. 
2022-03-20 00:01:42,495 INFO  [BasePage] hepsi burada web sitesi açılır 
2022-03-20 00:01:42,526 INFO  [BasePage] sayfa kontrolü yapılır 
2022-03-20 00:01:42,744 INFO  [BasePage] Bilgisayararaması yapılır 
2022-03-20 00:01:42,852 INFO  [BasePage] ara butonu tıklanır 
2022-03-20 00:01:44,357 INFO  [BasePage] hepsi burada web sitesi açılır 
2022-03-20 00:01:44,362 INFO  [BasePage] sayfa kontrolü yapılır 
2022-03-20 00:01:44,462 INFO  [BasePage] Bilgisayararaması yapılır 
2022-03-20 00:01:50,173 INFO  [BasePage] ara butonu tıklanır 
2022-03-20 00:01:52,471 INFO  [BasePage] sıralama ölçütü olarak Çok değerlendirilenler seçilir 
2022-03-20 00:01:52,477 INFO  [BasePage] sayfa kontrolü yapılır 
2022-03-20 00:01:52,983 INFO  [BasePage] sıralama ölçütü olarak Çok değerlendirilenler seçilir 
2022-03-20 00:01:52,986 INFO  [BasePage] sayfa kontrolü yapılır 
2022-03-20 00:01:54,947 INFO  [BasePage] ikinci ürün seçilir. 
2022-03-20 00:01:55,672 INFO  [BasePage] ikinci ürün seçilir. 
2022-03-20 00:01:57,949 INFO  [BasePage] yeni sekmede ürün sepete eklenir. 
2022-03-20 00:01:57,963 INFO  [BasePage] Page title of new tab:Huawei Matebook D 16 AMD Ryzen 5 4600H 8GB 512GB SSD Windows Fiyatı 
2022-03-20 00:01:57,988 INFO  [BasePage] FirefoxDriver: firefox on MAC (c55d4a23-f510-444d-9188-7e1cb26384ff) 
2022-03-20 00:01:58,831 INFO  [BasePage] yeni sekmede ürün sepete eklenir. 
2022-03-20 00:01:58,929 INFO  [BasePage] Page title of new tab:Huawei Matebook D 16 AMD Ryzen 5 4600H 8GB 512GB SSD Windows Fiyatı 
2022-03-20 00:01:59,036 INFO  [BasePage] ChromeDriver: chrome on MAC (22bfa0dcb302aeeae6b8fe87f5e703e6) 
2022-03-20 00:02:05,062 INFO  [BasePage] ana sekmeye geçilir 
2022-03-20 00:02:06,169 INFO  [BasePage] ana sekmeye geçilir 
2022-03-20 00:02:08,223 INFO  [BasePage] sepete gidilir. 
2022-03-20 00:02:08,593 INFO  [BasePage] sepetten ürün silinir. 
2022-03-20 00:02:08,898 INFO  [BasePage] silme  işlemi sonrası uyarı mesajı: Sepetin şu an boş
Sepetini Hepsiburada’nın fırsatlarla dolu dünyasından doldurmak için
aşağıdaki ürünleri incelemeye başlayabilirsin. kontrolü yapılır. 
2022-03-20 00:02:09,105 INFO  [BasePage] sepete gidilir. 
2022-03-20 00:02:10,315 INFO  [BasePage] sepetten ürün silinir. 
2022-03-20 00:02:11,027 INFO  [BasePage] silme  işlemi sonrası uyarı mesajı: Sepetin şu an boş
Sepetini Hepsiburada’nın fırsatlarla dolu dünyasından doldurmak için
aşağıdaki ürünleri incelemeye başlayabilirsin. kontrolü yapılır. 
2022-03-20 00:03:24,167 INFO  [BasePage] hepsi burada web sitesi açılır 
2022-03-20 00:03:24,183 INFO  [BasePage] sayfa kontrolü yapılır 
2022-03-20 00:03:24,306 INFO  [BasePage] Bilgisayararaması yapılır 
2022-03-20 00:03:26,035 INFO  [BasePage] hepsi burada web sitesi açılır 
2022-03-20 00:03:26,078 INFO  [BasePage] sayfa kontrolü yapılır 
2022-03-20 00:03:26,337 INFO  [BasePage] Bilgisayararaması yapılır 
2022-03-20 00:03:27,362 INFO  [BasePage] ara butonu tıklanır 
2022-03-20 00:03:30,184 INFO  [BasePage] sıralama ölçütü olarak Çok değerlendirilenler seçilir 
2022-03-20 00:03:30,188 INFO  [BasePage] sayfa kontrolü yapılır 
2022-03-20 00:03:31,789 INFO  [BasePage] ara butonu tıklanır 
2022-03-20 00:03:32,986 INFO  [BasePage] ikinci ürün seçilir. 
2022-03-20 00:03:34,512 INFO  [BasePage] sıralama ölçütü olarak Çok değerlendirilenler seçilir 
2022-03-20 00:03:34,524 INFO  [BasePage] sayfa kontrolü yapılır 
2022-03-20 00:03:35,247 INFO  [BasePage] yeni sekmede ürün sepete eklenir. 
2022-03-20 00:03:35,250 INFO  [BasePage] Page title of new tab:Huawei Matebook D 16 AMD Ryzen 5 4600H 8GB 512GB SSD Windows Fiyatı 
2022-03-20 00:03:35,263 INFO  [BasePage] FirefoxDriver: firefox on MAC (5708e518-a8ce-4093-b54d-d9aad5bbe85e) 
2022-03-20 00:03:37,356 INFO  [BasePage] ikinci ürün seçilir. 
2022-03-20 00:03:41,503 INFO  [BasePage] yeni sekmede ürün sepete eklenir. 
2022-03-20 00:03:41,714 INFO  [BasePage] Page title of new tab:Huawei Matebook D 16 AMD Ryzen 5 4600H 8GB 512GB SSD Windows Fiyatı 
2022-03-20 00:03:41,741 INFO  [BasePage] ChromeDriver: chrome on MAC (f34efc1b47bb1ef767fa19efe3e527a3) 
2022-03-20 00:03:42,348 INFO  [BasePage] ana sekmeye geçilir 
2022-03-20 00:03:45,342 INFO  [BasePage] sepete gidilir. 
2022-03-20 00:03:45,996 INFO  [BasePage] sepetten ürün silinir. 
2022-03-20 00:03:46,302 INFO  [BasePage] silme  işlemi sonrası uyarı mesajı: Sepetin şu an boş
Sepetini Hepsiburada’nın fırsatlarla dolu dünyasından doldurmak için
aşağıdaki ürünleri incelemeye başlayabilirsin. kontrolü yapılır. 
2022-03-20 00:03:48,909 INFO  [BasePage] ana sekmeye geçilir 
2022-03-20 00:03:51,959 INFO  [BasePage] sepete gidilir. 
2022-03-20 00:03:53,235 INFO  [BasePage] sepetten ürün silinir. 
2022-03-20 00:03:53,852 INFO  [BasePage] silme  işlemi sonrası uyarı mesajı: Sepetin şu an boş
Sepetini Hepsiburada’nın fırsatlarla dolu dünyasından doldurmak için
aşağıdaki ürünleri incelemeye başlayabilirsin. kontrolü yapılır. 
